<?xml version="1.0" encoding="UTF-8"?>
<!-- Generated by org.testng.reporters.JUnitReportReporter -->
<testsuite hostname="DESKTOP-2T4JGC4" name="test.NewTest" tests="4" failures="0" timestamp="21 Feb 2019 11:09:27 GMT" time="14.087" errors="0">
  <testcase name="DeleteElement" time="5.084" classname="test.NewTest"/>
  <testcase name="NewElement" time="5.768" classname="test.NewTest"/>
  <testcase name="openUrl" time="0.678" classname="test.NewTest"/>
  <testcase name="Login" time="2.557" classname="test.NewTest"/>
</testsuite> <!-- test.NewTest -->
